Arguments: 
  /usr/bin/node /home/seb/.yarn/bin/yarn.js build

PATH: 
  /home/seb/.yarn/bin:/home/seb/.config/yarn/global/node_modules/.bin:/home/seb/.tfenv/bin:/home/seb/.wasmer/bin:/home/seb/.kubectx:/home/seb/.yarn/bin:/home/seb/.config/yarn/global/node_modules/.bin:/home/seb/.tfenv/bin:/home/seb/.wasmer/bin:/home/seb/.kubectx:/home/seb/.yarn/bin:/home/seb/.config/yarn/global/node_modules/.bin:/home/seb/.tfenv/bin:/home/seb/.wasmer/bin:/home/seb/.kubectx:/home/seb/.local/bin:/home/seb/bin:/usr/lib64/qt-3.3/bin:/home/seb/.cargo/bin:/usr/local/bin:/usr/local/sbin:/usr/bin:/usr/sbin:/usr/local/go/bin:/home/seb/go/bin:/home/seb/.wasmer/globals/wapm_packages/.bin:/usr/local/go/bin:/home/seb/go/bin:/home/seb/.wasmer/globals/wapm_packages/.bin:/usr/local/go/bin:/home/seb/go/bin:/home/seb/.wasmer/globals/wapm_packages/.bin

Yarn version: 
  1.22.18

Node version: 
  16.14.0

Platform: 
  linux x64

Trace: 
  SyntaxError: /home/seb/git/figment-networks/tendermint-protobuf-def/graph-ts-gen/package.json: Unexpected token . in JSON at position 291
      at JSON.parse (<anonymous>)
      at /home/seb/.yarn/lib/cli.js:1625:59
      at Generator.next (<anonymous>)
      at step (/home/seb/.yarn/lib/cli.js:310:30)
      at /home/seb/.yarn/lib/cli.js:321:13

npm manifest: 
  {
    "name": "graph-ts-gen",
    "version": "0.1.0",
    "main": "src/gen.ts",
    "license": "MIT",
    "scripts": {
        "prebuild": "protoc --plugin=protoc-gen-as=./node_modules/.bin/as-proto-gen --proto_path=../third_party/ --as_out=./graph-ts $(grep -slR 'message Msg' ../third_party/| egrep '\.proto$')",
        "build": "node index.js",
        "postbuild": "prettier -i ./graph-ts/**/*.ts"
  
    },
    "dependencies": {
      "as-proto-gen": "^0.2.3"
    }
  }

yarn manifest: 
  No manifest

Lockfile: 
  # THIS IS AN AUTOGENERATED FILE. DO NOT EDIT THIS FILE DIRECTLY.
  # yarn lockfile v1
  
  
  as-proto-gen@^0.2.3:
    version "0.2.3"
    resolved "https://registry.yarnpkg.com/as-proto-gen/-/as-proto-gen-0.2.3.tgz#1b52cf232fe603f60129369055d4abcfae85d630"
    integrity sha512-B5Hncx+IoRL4B+G+seJ0JkbEcjU7y00AxddgAerHiLagpQA23VoQZ4k4RO8sV+9DAqsEbK1bepzFLejEXYPZGA==
    dependencies:
      google-protobuf "^3.19.2"
      prettier "^2.5.0"
      ts-poet "^4.9.0"
  
  google-protobuf@^3.19.2:
    version "3.20.1"
    resolved "https://registry.yarnpkg.com/google-protobuf/-/google-protobuf-3.20.1.tgz#1b255c2b59bcda7c399df46c65206aa3c7a0ce8b"
    integrity sha512-XMf1+O32FjYIV3CYu6Tuh5PNbfNEU5Xu22X+Xkdb/DUexFlCzhvv7d5Iirm4AOwn8lv4al1YvIhzGrg2j9Zfzw==
  
  lodash@^4.17.15:
    version "4.17.21"
    resolved "https://registry.yarnpkg.com/lodash/-/lodash-4.17.21.tgz#679591c564c3bffaae8454cf0b3df370c3d6911c"
    integrity sha512-v2kDEe57lecTulaDIuNTPy3Ry4gLGJ6Z1O3vE1krgXZNrsQ+LFTGHVxVjcXPs17LhbZVGedAJv8XZ1tvj5FvSg==
  
  prettier@^2.5.0, prettier@^2.5.1:
    version "2.6.2"
    resolved "https://registry.yarnpkg.com/prettier/-/prettier-2.6.2.tgz#e26d71a18a74c3d0f0597f55f01fb6c06c206032"
    integrity sha512-PkUpF+qoXTqhOeWL9fu7As8LXsIUZ1WYaJiY/a7McAQzxjk82OF0tibkFXVCDImZtWxbvojFjerkiLb0/q8mew==
  
  ts-poet@^4.9.0:
    version "4.11.0"
    resolved "https://registry.yarnpkg.com/ts-poet/-/ts-poet-4.11.0.tgz#5566f499ec767920cc18b977624f084c52e8734a"
    integrity sha512-OaXnCKsRs0yrc0O7LFhnq/US2DB4Wd313cS+qjG2XMksZ74pF/jvMHkJdURXJiAo4kSahL2N4e8JOdwUjOMNdw==
    dependencies:
      lodash "^4.17.15"
      prettier "^2.5.1"
